<?xml version="1.0" encoding="UTF-8"?>
<testng-results skipped="0" failed="0" ignored="0" total="1" passed="1">
  <reporter-output>
  </reporter-output>
  <suite name="AllTests" duration-ms="45" started-at="2021-10-02T14:35:20 ICT" finished-at="2021-10-02T14:35:20 ICT">
    <groups>
    </groups>
    <test name="All" duration-ms="45" started-at="2021-10-02T14:35:20 ICT" finished-at="2021-10-02T14:35:20 ICT">
      <class name="org.youngmonkeys.eun.test.ApiTest">
        <test-method status="PASS" signature="test()[pri:0, instance:org.youngmonkeys.eun.test.ApiTest@1a28b346]" name="test" duration-ms="4" started-at="2021-10-02T14:35:20 ICT" finished-at="2021-10-02T14:35:20 ICT">
          <reporter-output>
          </reporter-output>
        </test-method> <!-- test -->
      </class> <!-- org.youngmonkeys.eun.test.ApiTest -->
    </test> <!-- All -->
  </suite> <!-- AllTests -->
</testng-results>
