<?xml version="1.0" encoding="UTF-8"?>
<testng-results skipped="0" failed="0" ignored="0" total="1" passed="1">
  <reporter-output>
  </reporter-output>
  <suite name="All-Test" duration-ms="49" started-at="2021-10-02T14:35:12 ICT" finished-at="2021-10-02T14:35:12 ICT">
    <groups>
    </groups>
    <test name="All" duration-ms="49" started-at="2021-10-02T14:35:12 ICT" finished-at="2021-10-02T14:35:12 ICT">
      <class name="org.youngmonkeys.eun.common.test.CommonTest">
        <test-method status="PASS" signature="test()[pri:0, instance:org.youngmonkeys.eun.common.test.CommonTest@96a75da]" name="test" duration-ms="5" started-at="2021-10-02T14:35:12 ICT" finished-at="2021-10-02T14:35:12 ICT">
          <reporter-output>
          </reporter-output>
        </test-method> <!-- test -->
      </class> <!-- org.youngmonkeys.eun.common.test.CommonTest -->
    </test> <!-- All -->
  </suite> <!-- All-Test -->
</testng-results>
